{"recorder_version":"11","session":"5e493c3e758e","build":"191.6605.12","bucket":"98","time":1557545131232,"group":{"id":"settings","version":"2"},"event":{"state":true,"data":{"created":1557545131233,"invoked":true},"id":"NotRoamableUiSettings"}}
{"recorder_version":"11","session":"5e493c3e758e","build":"191.6605.12","bucket":"98","time":1557545131235,"group":{"id":"settings","version":"2"},"event":{"state":true,"data":{"created":1557545131240,"invoked":true},"id":"UISettings"}}
{"recorder_version":"11","session":"5e493c3e758e","build":"191.6605.12","bucket":"98","time":1557545131235,"group":{"id":"system.os","version":"1"},"event":{"state":true,"data":{"created":1557545131249,"version":"10.0"},"id":"Windows"}}
{"recorder_version":"11","session":"5e493c3e758e","build":"191.6605.12","bucket":"98","time":1557545131235,"group":{"id":"system.os","version":"1"},"event":{"state":true,"data":{"created":1557545131250},"id":"invoked"}}
{"recorder_version":"11","session":"5e493c3e758e","build":"191.6605.12","bucket":"98","time":1557545131235,"group":{"id":"system.java","version":"1"},"event":{"state":true,"data":{"created":1557545131251,"version":"1.11"},"id":"JetBrains"}}
{"recorder_version":"11","session":"5e493c3e758e","build":"191.6605.12","bucket":"98","time":1557545131235,"group":{"id":"system.java","version":"1"},"event":{"state":true,"data":{"created":1557545131251},"id":"invoked"}}
{"recorder_version":"11","session":"5e493c3e758e","build":"191.6605.12","bucket":"98","time":1557545131827,"group":{"id":"settings","version":"2"},"event":{"state":true,"data":{"created":1557545131827,"invoked":true},"id":"GeneralSettings"}}
{"recorder_version":"11","session":"5e493c3e758e","build":"191.6605.12","bucket":"98","time":1557545132675,"group":{"id":"performance","version":"11"},"event":{"count":1,"data":{"duration_ms":62,"created":1557545132675},"id":"ui.latency"}}
{"recorder_version":"11","session":"5e493c3e758e","build":"191.6605.12","bucket":"98","time":1557545133019,"group":{"id":"ui.dialogs","version":"11"},"event":{"count":1,"data":{"created":1557545133019,"plugin_type":"PLATFORM","type":"show"},"id":"com.intellij.openapi.progress.util.ProgressDialog$MyDialogWrapper"}}
{"recorder_version":"11","session":"5e493c3e758e","build":"191.6605.12","bucket":"98","time":1557545133446,"group":{"id":"ui.dialogs","version":"11"},"event":{"count":1,"data":{"code":1,"created":1557545133446,"plugin_type":"PLATFORM","type":"close"},"id":"com.intellij.openapi.progress.util.ProgressDialog$MyDialogWrapper"}}
{"recorder_version":"11","session":"5e493c3e758e","build":"191.6605.12","bucket":"98","time":1557545133460,"group":{"id":"lifecycle","version":"11"},"event":{"count":1,"data":{"created":1557545133460,"project":"00e1741fbef89c51f66534f9c4d041d2dd0e21848243f4d0fcccafe44e1b4b46"},"id":"project.opened"}}
{"recorder_version":"11","session":"5e493c3e758e","build":"191.6605.12","bucket":"98","time":1557545133897,"group":{"id":"performance","version":"11"},"event":{"count":1,"data":{"duration_ms":285,"created":1557545133897},"id":"ui.lagging"}}
{"recorder_version":"11","session":"5e493c3e758e","build":"191.6605.12","bucket":"98","time":1557545133899,"group":{"id":"ui.dialogs","version":"11"},"event":{"count":1,"data":{"created":1557545133899,"plugin_type":"PLATFORM","type":"show"},"id":"com.intellij.openapi.progress.util.ProgressDialog$MyDialogWrapper"}}
{"recorder_version":"11","session":"5e493c3e758e","build":"191.6605.12","bucket":"98","time":1557545134817,"group":{"id":"performance","version":"11"},"event":{"count":1,"data":{"duration_ms":203,"created":1557545134817},"id":"ui.lagging"}}
{"recorder_version":"11","session":"5e493c3e758e","build":"191.6605.12","bucket":"98","time":1557545135229,"group":{"id":"lifecycle","version":"11"},"event":{"count":1,"data":{"eap":false,"created":1557545135229},"id":"ide.start"}}
{"recorder_version":"11","session":"5e493c3e758e","build":"191.6605.12","bucket":"98","time":1557545135645,"group":{"id":"ui.tips","version":"1"},"event":{"count":1,"data":{"created":1557545135645},"id":"shown.automatically"}}
{"recorder_version":"11","session":"5e493c3e758e","build":"191.6605.12","bucket":"98","time":1557545135718,"group":{"id":"ui.dialogs","version":"11"},"event":{"count":1,"data":{"created":1557545135718,"plugin_type":"PLATFORM","type":"show"},"id":"com.intellij.ide.util.TipDialog"}}
{"recorder_version":"11","session":"5e493c3e758e","build":"191.6605.12","bucket":"98","time":1557545135775,"group":{"id":"performance","version":"11"},"event":{"count":1,"data":{"duration_ms":160,"created":1557545135775},"id":"ui.lagging"}}
{"recorder_version":"11","session":"5e493c3e758e","build":"191.6605.12","bucket":"98","time":1557545135814,"group":{"id":"project.fs","version":"1"},"event":{"state":true,"data":{"os":"Windows","cs-project":false,"created":1557545135814,"project":"00e1741fbef89c51f66534f9c4d041d2dd0e21848243f4d0fcccafe44e1b4b46","cs-implicit":true,"cs-system":false},"id":"case-sensitivity"}}
{"recorder_version":"11","session":"5e493c3e758e","build":"191.6605.12","bucket":"98","time":1557545135814,"group":{"id":"project.fs","version":"1"},"event":{"state":true,"data":{"created":1557545135815},"id":"invoked"}}
{"recorder_version":"11","session":"5e493c3e758e","build":"191.6605.12","bucket":"98","time":1557545135815,"group":{"id":"project.fs","version":"1"},"event":{"state":true,"data":{"pct-non-watched":0,"created":1557545135815,"project":"00e1741fbef89c51f66534f9c4d041d2dd0e21848243f4d0fcccafe44e1b4b46"},"id":"roots-watched"}}
{"recorder_version":"11","session":"5e493c3e758e","build":"191.6605.12","bucket":"98","time":1557545135815,"group":{"id":"project.fs","version":"1"},"event":{"state":true,"data":{"created":1557545135815},"id":"invoked"}}
{"recorder_version":"11","session":"5e493c3e758e","build":"191.6605.12","bucket":"98","time":1557545135958,"group":{"id":"ui.dialogs","version":"11"},"event":{"count":1,"data":{"code":1,"created":1557545135958,"plugin_type":"PLATFORM","type":"close"},"id":"com.intellij.openapi.progress.util.ProgressDialog$MyDialogWrapper"}}
{"recorder_version":"11","session":"5e493c3e758e","build":"191.6605.12","bucket":"98","time":1557545136039,"group":{"id":"lifecycle","version":"11"},"event":{"count":1,"data":{"created":1557545136039,"time_ms":3481,"project":"00e1741fbef89c51f66534f9c4d041d2dd0e21848243f4d0fcccafe44e1b4b46"},"id":"project.opening.finished"}}
{"recorder_version":"11","session":"5e493c3e758e","build":"191.6605.12","bucket":"98","time":1557545138802,"group":{"id":"ui.dialogs","version":"11"},"event":{"count":1,"data":{"code":1,"created":1557545138802,"plugin_type":"PLATFORM","type":"close"},"id":"com.intellij.ide.util.TipDialog"}}
{"recorder_version":"11","session":"5e493c3e758e","build":"191.6605.12","bucket":"98","time":1557545145679,"group":{"id":"performance","version":"11"},"event":{"count":1,"data":{"duration_ms":1057,"created":1557545145679},"id":"ui.lagging"}}
{"recorder_version":"11","session":"5e493c3e758e","build":"191.6605.12","bucket":"98","time":1557545147905,"group":{"id":"actions","version":"11"},"event":{"count":1,"data":{"context_menu":true,"os":"Windows","created":1557545147905,"plugin_type":"PLATFORM","project":"00e1741fbef89c51f66534f9c4d041d2dd0e21848243f4d0fcccafe44e1b4b46","place":"EditorPopup","input_event":"MouseLeft"},"id":"$Copy"}}
{"recorder_version":"11","session":"5e493c3e758e","build":"191.6605.12","bucket":"98","time":1557545155286,"group":{"id":"ui.dialogs","version":"11"},"event":{"count":1,"data":{"created":1557545155287,"plugin_type":"PLATFORM","type":"show"},"id":"com.intellij.openapi.ui.messages.MessageDialog"}}
{"recorder_version":"11","session":"5e493c3e758e","build":"191.6605.12","bucket":"98","time":1557545156107,"group":{"id":"lifecycle","version":"11"},"event":{"count":1,"data":{"restart":false,"created":1557545156107},"id":"ide.close"}}
{"recorder_version":"11","session":"5e493c3e758e","build":"191.6605.12","bucket":"98","time":1557545156285,"group":{"id":"lifecycle","version":"11"},"event":{"count":1,"data":{"created":1557545156285,"project":"00e1741fbef89c51f66534f9c4d041d2dd0e21848243f4d0fcccafe44e1b4b46"},"id":"project.closed"}}
