{"recorder_version":"11","session":"e94b92a597d7","build":"191.6605.12","bucket":"98","time":1557541590752,"group":{"id":"settings","version":"2"},"event":{"state":true,"data":{"created":1557541590754,"invoked":true},"id":"NotRoamableUiSettings"}}
{"recorder_version":"11","session":"e94b92a597d7","build":"191.6605.12","bucket":"98","time":1557541590756,"group":{"id":"settings","version":"2"},"event":{"state":true,"data":{"created":1557541590765,"invoked":true},"id":"UISettings"}}
{"recorder_version":"11","session":"e94b92a597d7","build":"191.6605.12","bucket":"98","time":1557541590757,"group":{"id":"system.os","version":"1"},"event":{"state":true,"data":{"created":1557541590777,"version":"10.0"},"id":"Windows"}}
{"recorder_version":"11","session":"e94b92a597d7","build":"191.6605.12","bucket":"98","time":1557541590758,"group":{"id":"system.os","version":"1"},"event":{"state":true,"data":{"created":1557541590777},"id":"invoked"}}
{"recorder_version":"11","session":"e94b92a597d7","build":"191.6605.12","bucket":"98","time":1557541590758,"group":{"id":"system.java","version":"1"},"event":{"state":true,"data":{"created":1557541590779,"version":"1.11"},"id":"JetBrains"}}
{"recorder_version":"11","session":"e94b92a597d7","build":"191.6605.12","bucket":"98","time":1557541590758,"group":{"id":"system.java","version":"1"},"event":{"state":true,"data":{"created":1557541590780},"id":"invoked"}}
{"recorder_version":"11","session":"e94b92a597d7","build":"191.6605.12","bucket":"98","time":1557541591552,"group":{"id":"settings","version":"2"},"event":{"state":true,"data":{"created":1557541591552,"invoked":true},"id":"GeneralSettings"}}
{"recorder_version":"11","session":"e94b92a597d7","build":"191.6605.12","bucket":"98","time":1557541592574,"group":{"id":"performance","version":"11"},"event":{"count":1,"data":{"duration_ms":330,"created":1557541592575},"id":"ui.latency"}}
{"recorder_version":"11","session":"e94b92a597d7","build":"191.6605.12","bucket":"98","time":1557541592575,"group":{"id":"performance","version":"11"},"event":{"count":1,"data":{"duration_ms":330,"created":1557541592575},"id":"ui.lagging"}}
{"recorder_version":"11","session":"e94b92a597d7","build":"191.6605.12","bucket":"98","time":1557541592898,"group":{"id":"ui.dialogs","version":"11"},"event":{"count":1,"data":{"created":1557541592898,"plugin_type":"PLATFORM","type":"show"},"id":"com.intellij.openapi.progress.util.ProgressDialog$MyDialogWrapper"}}
{"recorder_version":"11","session":"e94b92a597d7","build":"191.6605.12","bucket":"98","time":1557541593621,"group":{"id":"ui.dialogs","version":"11"},"event":{"count":1,"data":{"code":1,"created":1557541593621,"plugin_type":"PLATFORM","type":"close"},"id":"com.intellij.openapi.progress.util.ProgressDialog$MyDialogWrapper"}}
{"recorder_version":"11","session":"e94b92a597d7","build":"191.6605.12","bucket":"98","time":1557541593635,"group":{"id":"lifecycle","version":"11"},"event":{"count":1,"data":{"created":1557541593635,"project":"00e1741fbef89c51f66534f9c4d041d2dd0e21848243f4d0fcccafe44e1b4b46"},"id":"project.opened"}}
{"recorder_version":"11","session":"e94b92a597d7","build":"191.6605.12","bucket":"98","time":1557541594205,"group":{"id":"ui.dialogs","version":"11"},"event":{"count":1,"data":{"created":1557541594205,"plugin_type":"PLATFORM","type":"show"},"id":"com.intellij.openapi.progress.util.ProgressDialog$MyDialogWrapper"}}
{"recorder_version":"11","session":"e94b92a597d7","build":"191.6605.12","bucket":"98","time":1557541594335,"group":{"id":"ide.self.update","version":"1"},"event":{"count":1,"data":{"created":1557541594335},"id":"notification.shown"}}
{"recorder_version":"11","session":"e94b92a597d7","build":"191.6605.12","bucket":"98","time":1557541595335,"group":{"id":"lifecycle","version":"11"},"event":{"count":1,"data":{"eap":false,"created":1557541595335},"id":"ide.start"}}
{"recorder_version":"11","session":"e94b92a597d7","build":"191.6605.12","bucket":"98","time":1557541596058,"group":{"id":"project.fs","version":"1"},"event":{"state":true,"data":{"os":"Windows","cs-project":false,"created":1557541596058,"project":"00e1741fbef89c51f66534f9c4d041d2dd0e21848243f4d0fcccafe44e1b4b46","cs-implicit":true,"cs-system":false},"id":"case-sensitivity"}}
{"recorder_version":"11","session":"e94b92a597d7","build":"191.6605.12","bucket":"98","time":1557541596058,"group":{"id":"project.fs","version":"1"},"event":{"state":true,"data":{"created":1557541596059},"id":"invoked"}}
{"recorder_version":"11","session":"e94b92a597d7","build":"191.6605.12","bucket":"98","time":1557541596059,"group":{"id":"project.fs","version":"1"},"event":{"state":true,"data":{"pct-non-watched":0,"created":1557541596060,"project":"00e1741fbef89c51f66534f9c4d041d2dd0e21848243f4d0fcccafe44e1b4b46"},"id":"roots-watched"}}
{"recorder_version":"11","session":"e94b92a597d7","build":"191.6605.12","bucket":"98","time":1557541596059,"group":{"id":"project.fs","version":"1"},"event":{"state":true,"data":{"created":1557541596061},"id":"invoked"}}
{"recorder_version":"11","session":"e94b92a597d7","build":"191.6605.12","bucket":"98","time":1557541596192,"group":{"id":"ui.tips","version":"1"},"event":{"count":1,"data":{"created":1557541596192},"id":"shown.automatically"}}
{"recorder_version":"11","session":"e94b92a597d7","build":"191.6605.12","bucket":"98","time":1557541596219,"group":{"id":"ui.dialogs","version":"11"},"event":{"count":1,"data":{"created":1557541596219,"plugin_type":"PLATFORM","type":"show"},"id":"com.intellij.ide.util.TipDialog"}}
{"recorder_version":"11","session":"e94b92a597d7","build":"191.6605.12","bucket":"98","time":1557541596358,"group":{"id":"performance","version":"11"},"event":{"count":1,"data":{"duration_ms":108,"created":1557541596358},"id":"ui.lagging"}}
{"recorder_version":"11","session":"e94b92a597d7","build":"191.6605.12","bucket":"98","time":1557541596422,"group":{"id":"ui.dialogs","version":"11"},"event":{"count":1,"data":{"code":1,"created":1557541596422,"plugin_type":"PLATFORM","type":"close"},"id":"com.intellij.openapi.progress.util.ProgressDialog$MyDialogWrapper"}}
{"recorder_version":"11","session":"e94b92a597d7","build":"191.6605.12","bucket":"98","time":1557541596435,"group":{"id":"lifecycle","version":"11"},"event":{"count":1,"data":{"created":1557541596435,"time_ms":3999,"project":"00e1741fbef89c51f66534f9c4d041d2dd0e21848243f4d0fcccafe44e1b4b46"},"id":"project.opening.finished"}}
{"recorder_version":"11","session":"e94b92a597d7","build":"191.6605.12","bucket":"98","time":1557541599830,"group":{"id":"ui.dialogs","version":"11"},"event":{"count":1,"data":{"code":1,"created":1557541599830,"plugin_type":"PLATFORM","type":"close"},"id":"com.intellij.ide.util.TipDialog"}}
{"recorder_version":"11","session":"e94b92a597d7","build":"191.6605.12","bucket":"98","time":1557541615473,"group":{"id":"actions","version":"11"},"event":{"count":1,"data":{"context_menu":false,"os":"Windows","created":1557541615473,"plugin_type":"PLATFORM","project":"00e1741fbef89c51f66534f9c4d041d2dd0e21848243f4d0fcccafe44e1b4b46","place":"MainMenu","input_event":"Up"},"id":"com.intellij.openapi.actionSystem.EmptyAction$MyDelegatingAction"}}
{"recorder_version":"11","session":"e94b92a597d7","build":"191.6605.12","bucket":"98","time":1557541615670,"group":{"id":"actions","version":"11"},"event":{"count":1,"data":{"context_menu":false,"os":"Windows","created":1557541615670,"plugin_type":"PLATFORM","project":"00e1741fbef89c51f66534f9c4d041d2dd0e21848243f4d0fcccafe44e1b4b46","place":"MainMenu","input_event":"Right"},"id":"com.intellij.openapi.actionSystem.EmptyAction$MyDelegatingAction"}}
{"recorder_version":"11","session":"e94b92a597d7","build":"191.6605.12","bucket":"98","time":1557541615938,"group":{"id":"actions","version":"11"},"event":{"count":3,"data":{"context_menu":false,"os":"Windows","last":1557541616964,"created":1557541615938,"plugin_type":"PLATFORM","project":"00e1741fbef89c51f66534f9c4d041d2dd0e21848243f4d0fcccafe44e1b4b46","place":"MainMenu","input_event":"Down"},"id":"com.intellij.openapi.actionSystem.EmptyAction$MyDelegatingAction"}}
{"recorder_version":"11","session":"e94b92a597d7","build":"191.6605.12","bucket":"98","time":1557541625129,"group":{"id":"productivity","version":"11"},"event":{"count":1,"data":{"created":1557541625129},"id":"editing.select.word"}}
{"recorder_version":"11","session":"e94b92a597d7","build":"191.6605.12","bucket":"98","time":1557541627540,"group":{"id":"actions","version":"11"},"event":{"count":75,"data":{"context_menu":false,"os":"Windows","last":1557541633993,"created":1557541627540,"plugin_type":"PLATFORM","project":"00e1741fbef89c51f66534f9c4d041d2dd0e21848243f4d0fcccafe44e1b4b46","place":"MainMenu","input_event":"Backspace"},"id":"com.intellij.openapi.actionSystem.EmptyAction$MyDelegatingAction"}}
{"recorder_version":"11","session":"e94b92a597d7","build":"191.6605.12","bucket":"98","time":1557541634262,"group":{"id":"actions","version":"11"},"event":{"count":1,"data":{"context_menu":false,"os":"Windows","created":1557541634262,"plugin_type":"PLATFORM","project":"00e1741fbef89c51f66534f9c4d041d2dd0e21848243f4d0fcccafe44e1b4b46","place":"MainMenu","input_event":"Ctrl+Backspace"},"id":"EditorDeleteToWordStart"}}
{"recorder_version":"11","session":"e94b92a597d7","build":"191.6605.12","bucket":"98","time":1557541634264,"group":{"id":"file.types.usage","version":"11"},"event":{"count":1,"data":{"created":1557541634264,"plugin_type":"PLATFORM","project":"00e1741fbef89c51f66534f9c4d041d2dd0e21848243f4d0fcccafe44e1b4b46","type":"edit"},"id":"Scratch"}}
{"recorder_version":"11","session":"e94b92a597d7","build":"191.6605.12","bucket":"98","time":1557541634490,"group":{"id":"actions","version":"11"},"event":{"count":107,"data":{"context_menu":false,"os":"Windows","last":1557541641610,"created":1557541634490,"plugin_type":"PLATFORM","project":"00e1741fbef89c51f66534f9c4d041d2dd0e21848243f4d0fcccafe44e1b4b46","place":"MainMenu","input_event":"Ctrl+Backspace"},"id":"EditorDeleteToWordStart"}}
{"recorder_version":"11","session":"e94b92a597d7","build":"191.6605.12","bucket":"98","time":1557541693357,"group":{"id":"performance","version":"11"},"event":{"count":1,"data":{"duration_ms":0,"created":1557541693357},"id":"ui.latency"}}
{"recorder_version":"11","session":"e94b92a597d7","build":"191.6605.12","bucket":"98","time":1557541793455,"group":{"id":"performance","version":"11"},"event":{"count":1,"data":{"duration_ms":0,"created":1557541793455},"id":"ui.latency"}}
{"recorder_version":"11","session":"e94b92a597d7","build":"191.6605.12","bucket":"98","time":1557541892575,"group":{"id":"file.types.usage","version":"11"},"event":{"count":1,"data":{"created":1557541892575},"id":"registered"}}
{"recorder_version":"11","session":"e94b92a597d7","build":"191.6605.12","bucket":"98","time":1557541892575,"group":{"id":"actions.runAnything","version":"1"},"event":{"count":1,"data":{"created":1557541892575},"id":"registered"}}
{"recorder_version":"11","session":"e94b92a597d7","build":"191.6605.12","bucket":"98","time":1557541892575,"group":{"id":"toolwindow","version":"11"},"event":{"count":1,"data":{"created":1557541892576},"id":"registered"}}
{"recorder_version":"11","session":"e94b92a597d7","build":"191.6605.12","bucket":"98","time":1557541892575,"group":{"id":"intentions","version":"11"},"event":{"count":1,"data":{"created":1557541892576},"id":"registered"}}
{"recorder_version":"11","session":"e94b92a597d7","build":"191.6605.12","bucket":"98","time":1557541892575,"group":{"id":"live.templates","version":"11"},"event":{"count":1,"data":{"created":1557541892576},"id":"registered"}}
{"recorder_version":"11","session":"e94b92a597d7","build":"191.6605.12","bucket":"98","time":1557541892575,"group":{"id":"ui.dialogs","version":"11"},"event":{"count":1,"data":{"created":1557541892576},"id":"registered"}}
{"recorder_version":"11","session":"e94b92a597d7","build":"191.6605.12","bucket":"98","time":1557541892575,"group":{"id":"vcs.back.forward.trigger","version":"1"},"event":{"count":1,"data":{"created":1557541892576},"id":"registered"}}
{"recorder_version":"11","session":"e94b92a597d7","build":"191.6605.12","bucket":"98","time":1557541892575,"group":{"id":"ide.self.update","version":"1"},"event":{"count":1,"data":{"created":1557541892576},"id":"registered"}}
{"recorder_version":"11","session":"e94b92a597d7","build":"191.6605.12","bucket":"98","time":1557541892575,"group":{"id":"lifecycle","version":"11"},"event":{"count":1,"data":{"created":1557541892576},"id":"registered"}}
{"recorder_version":"11","session":"e94b92a597d7","build":"191.6605.12","bucket":"98","time":1557541892575,"group":{"id":"toolbar","version":"11"},"event":{"count":1,"data":{"created":1557541892576},"id":"registered"}}
{"recorder_version":"11","session":"e94b92a597d7","build":"191.6605.12","bucket":"98","time":1557541892575,"group":{"id":"vcs.diff.trigger","version":"1"},"event":{"count":1,"data":{"created":1557541892576},"id":"registered"}}
{"recorder_version":"11","session":"e94b92a597d7","build":"191.6605.12","bucket":"98","time":1557541892575,"group":{"id":"performance","version":"11"},"event":{"count":1,"data":{"created":1557541892576},"id":"registered"}}
{"recorder_version":"11","session":"e94b92a597d7","build":"191.6605.12","bucket":"98","time":1557541892575,"group":{"id":"vcs.log.trigger","version":"1"},"event":{"count":1,"data":{"created":1557541892576},"id":"registered"}}
{"recorder_version":"11","session":"e94b92a597d7","build":"191.6605.12","bucket":"98","time":1557541892575,"group":{"id":"productivity","version":"11"},"event":{"count":1,"data":{"created":1557541892576},"id":"registered"}}
{"recorder_version":"11","session":"e94b92a597d7","build":"191.6605.12","bucket":"98","time":1557541892575,"group":{"id":"debugger.breakpoints.usage","version":"1"},"event":{"count":1,"data":{"created":1557541892576},"id":"registered"}}
{"recorder_version":"11","session":"e94b92a597d7","build":"191.6605.12","bucket":"98","time":1557541892575,"group":{"id":"searchEverywhere","version":"1"},"event":{"count":1,"data":{"created":1557541892576},"id":"registered"}}
{"recorder_version":"11","session":"e94b92a597d7","build":"191.6605.12","bucket":"98","time":1557541892575,"group":{"id":"ui.tips","version":"1"},"event":{"count":1,"data":{"created":1557541892576},"id":"registered"}}
{"recorder_version":"11","session":"e94b92a597d7","build":"191.6605.12","bucket":"98","time":1557541892575,"group":{"id":"import.old.config","version":"1"},"event":{"count":1,"data":{"created":1557541892576},"id":"registered"}}
{"recorder_version":"11","session":"e94b92a597d7","build":"191.6605.12","bucket":"98","time":1557541892575,"group":{"id":"json.schema","version":"1"},"event":{"count":1,"data":{"created":1557541892576},"id":"registered"}}
{"recorder_version":"11","session":"e94b92a597d7","build":"191.6605.12","bucket":"98","time":1557541892575,"group":{"id":"terminalShell","version":"1"},"event":{"count":1,"data":{"created":1557541892576},"id":"registered"}}
{"recorder_version":"11","session":"e94b92a597d7","build":"191.6605.12","bucket":"98","time":1557541892575,"group":{"id":"completion.postfix","version":"11"},"event":{"count":1,"data":{"created":1557541892577},"id":"registered"}}
{"recorder_version":"11","session":"e94b92a597d7","build":"191.6605.12","bucket":"98","time":1557541892575,"group":{"id":"actions","version":"11"},"event":{"count":1,"data":{"created":1557541892577},"id":"registered"}}
{"recorder_version":"11","session":"e94b92a597d7","build":"191.6605.12","bucket":"98","time":1557541892575,"group":{"id":"run.configuration.exec","version":"11"},"event":{"count":1,"data":{"created":1557541892577},"id":"registered"}}
{"recorder_version":"11","session":"e94b92a597d7","build":"191.6605.12","bucket":"98","time":1557541893547,"group":{"id":"performance","version":"11"},"event":{"count":1,"data":{"duration_ms":0,"created":1557541893547},"id":"ui.latency"}}
{"recorder_version":"11","session":"e94b92a597d7","build":"191.6605.12","bucket":"98","time":1557541993644,"group":{"id":"performance","version":"11"},"event":{"count":1,"data":{"duration_ms":0,"created":1557541993644},"id":"ui.latency"}}
{"recorder_version":"11","session":"e94b92a597d7","build":"191.6605.12","bucket":"98","time":1557542093752,"group":{"id":"performance","version":"11"},"event":{"count":1,"data":{"duration_ms":0,"created":1557542093752},"id":"ui.latency"}}
{"recorder_version":"11","session":"e94b92a597d7","build":"191.6605.12","bucket":"98","time":1557542127958,"group":{"id":"actions","version":"11"},"event":{"count":3,"data":{"context_menu":false,"os":"Windows","last":1557542130946,"created":1557542127958,"plugin_type":"PLATFORM","project":"00e1741fbef89c51f66534f9c4d041d2dd0e21848243f4d0fcccafe44e1b4b46","place":"MainMenu","input_event":"Ctrl+V"},"id":"com.intellij.openapi.actionSystem.EmptyAction$MyDelegatingAction"}}
{"recorder_version":"11","session":"e94b92a597d7","build":"191.6605.12","bucket":"98","time":1557542133569,"group":{"id":"actions","version":"11"},"event":{"count":1,"data":{"context_menu":true,"os":"Windows","created":1557542133570,"plugin_type":"PLATFORM","project":"00e1741fbef89c51f66534f9c4d041d2dd0e21848243f4d0fcccafe44e1b4b46","place":"EditorPopup","input_event":"MouseLeft"},"id":"$Paste"}}
{"recorder_version":"11","session":"e94b92a597d7","build":"191.6605.12","bucket":"98","time":1557542142582,"group":{"id":"actions","version":"11"},"event":{"count":1,"data":{"context_menu":false,"os":"Windows","created":1557542142582,"plugin_type":"PLATFORM","project":"00e1741fbef89c51f66534f9c4d041d2dd0e21848243f4d0fcccafe44e1b4b46","place":"MainMenu","input_event":"F5"},"id":"CopyElement"}}
{"recorder_version":"11","session":"e94b92a597d7","build":"191.6605.12","bucket":"98","time":1557542142604,"group":{"id":"ui.dialogs","version":"11"},"event":{"count":1,"data":{"created":1557542142604,"plugin_type":"PLATFORM","type":"show"},"id":"com.intellij.refactoring.copy.CopyFilesOrDirectoriesDialog"}}
{"recorder_version":"11","session":"e94b92a597d7","build":"191.6605.12","bucket":"98","time":1557542145144,"group":{"id":"ui.dialogs","version":"11"},"event":{"count":1,"data":{"code":0,"created":1557542145144,"plugin_type":"PLATFORM","type":"close"},"id":"com.intellij.refactoring.copy.CopyFilesOrDirectoriesDialog"}}
{"recorder_version":"11","session":"e94b92a597d7","build":"191.6605.12","bucket":"98","time":1557542145214,"group":{"id":"file.types.usage","version":"11"},"event":{"count":1,"data":{"created":1557542145214,"plugin_type":"PLATFORM","project":"00e1741fbef89c51f66534f9c4d041d2dd0e21848243f4d0fcccafe44e1b4b46","type":"open"},"id":"Python"}}
{"recorder_version":"11","session":"e94b92a597d7","build":"191.6605.12","bucket":"98","time":1557542193843,"group":{"id":"performance","version":"11"},"event":{"count":1,"data":{"duration_ms":0,"created":1557542193843},"id":"ui.latency"}}
{"recorder_version":"11","session":"e94b92a597d7","build":"191.6605.12","bucket":"98","time":1557542238682,"group":{"id":"actions","version":"11"},"event":{"count":4,"data":{"context_menu":false,"os":"Windows","last":1557542239129,"created":1557542238683,"plugin_type":"PLATFORM","project":"00e1741fbef89c51f66534f9c4d041d2dd0e21848243f4d0fcccafe44e1b4b46","place":"MainMenu","input_event":"Backspace"},"id":"com.intellij.openapi.actionSystem.EmptyAction$MyDelegatingAction"}}
{"recorder_version":"11","session":"e94b92a597d7","build":"191.6605.12","bucket":"98","time":1557542240429,"group":{"id":"actions","version":"11"},"event":{"count":4,"data":{"context_menu":false,"os":"Windows","last":1557542241095,"created":1557542240429,"plugin_type":"PLATFORM","project":"00e1741fbef89c51f66534f9c4d041d2dd0e21848243f4d0fcccafe44e1b4b46","place":"MainMenu","input_event":"Right"},"id":"com.intellij.openapi.actionSystem.EmptyAction$MyDelegatingAction"}}
{"recorder_version":"11","session":"e94b92a597d7","build":"191.6605.12","bucket":"98","time":1557542241912,"group":{"id":"actions","version":"11"},"event":{"count":1,"data":{"context_menu":false,"os":"Windows","created":1557542241912,"plugin_type":"PLATFORM","project":"00e1741fbef89c51f66534f9c4d041d2dd0e21848243f4d0fcccafe44e1b4b46","place":"MainMenu","input_event":"Ctrl+Backspace"},"id":"EditorDeleteToWordStart"}}
{"recorder_version":"11","session":"e94b92a597d7","build":"191.6605.12","bucket":"98","time":1557542241912,"group":{"id":"file.types.usage","version":"11"},"event":{"count":1,"data":{"created":1557542241913,"plugin_type":"PLATFORM","project":"00e1741fbef89c51f66534f9c4d041d2dd0e21848243f4d0fcccafe44e1b4b46","type":"edit"},"id":"Python"}}
{"recorder_version":"11","session":"e94b92a597d7","build":"191.6605.12","bucket":"98","time":1557542242063,"group":{"id":"actions","version":"11"},"event":{"count":1,"data":{"context_menu":false,"os":"Windows","created":1557542242063,"plugin_type":"PLATFORM","project":"00e1741fbef89c51f66534f9c4d041d2dd0e21848243f4d0fcccafe44e1b4b46","place":"MainMenu","input_event":"Ctrl+Backspace"},"id":"EditorDeleteToWordStart"}}
{"recorder_version":"11","session":"e94b92a597d7","build":"191.6605.12","bucket":"98","time":1557542247456,"group":{"id":"actions","version":"11"},"event":{"count":17,"data":{"context_menu":false,"os":"Windows","last":1557542248468,"created":1557542247456,"plugin_type":"PLATFORM","project":"00e1741fbef89c51f66534f9c4d041d2dd0e21848243f4d0fcccafe44e1b4b46","place":"MainMenu","input_event":"Right"},"id":"com.intellij.openapi.actionSystem.EmptyAction$MyDelegatingAction"}}
{"recorder_version":"11","session":"e94b92a597d7","build":"191.6605.12","bucket":"98","time":1557542250165,"group":{"id":"actions","version":"11"},"event":{"count":4,"data":{"context_menu":false,"os":"Windows","last":1557542251025,"created":1557542250165,"plugin_type":"PLATFORM","project":"00e1741fbef89c51f66534f9c4d041d2dd0e21848243f4d0fcccafe44e1b4b46","place":"MainMenu","input_event":"Ctrl+Backspace"},"id":"EditorDeleteToWordStart"}}
{"recorder_version":"11","session":"e94b92a597d7","build":"191.6605.12","bucket":"98","time":1557542253567,"group":{"id":"actions","version":"11"},"event":{"count":1,"data":{"context_menu":false,"os":"Windows","created":1557542253567,"plugin_type":"PLATFORM","project":"00e1741fbef89c51f66534f9c4d041d2dd0e21848243f4d0fcccafe44e1b4b46","place":"MainMenu","input_event":"Left"},"id":"com.intellij.openapi.actionSystem.EmptyAction$MyDelegatingAction"}}
{"recorder_version":"11","session":"e94b92a597d7","build":"191.6605.12","bucket":"98","time":1557542281339,"group":{"id":"actions","version":"11"},"event":{"count":1,"data":{"context_menu":false,"os":"Windows","created":1557542281339,"plugin_type":"PLATFORM","project":"00e1741fbef89c51f66534f9c4d041d2dd0e21848243f4d0fcccafe44e1b4b46","place":"MainMenu","input_event":"Left"},"id":"com.intellij.openapi.actionSystem.EmptyAction$MyDelegatingAction"}}
{"recorder_version":"11","session":"e94b92a597d7","build":"191.6605.12","bucket":"98","time":1557542293943,"group":{"id":"performance","version":"11"},"event":{"count":1,"data":{"duration_ms":0,"created":1557542293944},"id":"ui.latency"}}
{"recorder_version":"11","session":"e94b92a597d7","build":"191.6605.12","bucket":"98","time":1557542296112,"group":{"id":"productivity","version":"11"},"event":{"count":1,"data":{"created":1557542296112},"id":"editing.select.word"}}
{"recorder_version":"11","session":"e94b92a597d7","build":"191.6605.12","bucket":"98","time":1557542302893,"group":{"id":"actions","version":"11"},"event":{"count":2,"data":{"context_menu":false,"os":"Windows","last":1557542303247,"created":1557542302894,"plugin_type":"PLATFORM","project":"00e1741fbef89c51f66534f9c4d041d2dd0e21848243f4d0fcccafe44e1b4b46","place":"MainMenu","input_event":"Backspace"},"id":"com.intellij.openapi.actionSystem.EmptyAction$MyDelegatingAction"}}
{"recorder_version":"11","session":"e94b92a597d7","build":"191.6605.12","bucket":"98","time":1557542304464,"group":{"id":"file.types.usage","version":"11"},"event":{"count":1,"data":{"created":1557542304464,"plugin_type":"PLATFORM","project":"00e1741fbef89c51f66534f9c4d041d2dd0e21848243f4d0fcccafe44e1b4b46","type":"edit"},"id":"Python"}}
{"recorder_version":"11","session":"e94b92a597d7","build":"191.6605.12","bucket":"98","time":1557542311268,"group":{"id":"actions","version":"11"},"event":{"count":6,"data":{"context_menu":false,"os":"Windows","last":1557542313514,"created":1557542311268,"plugin_type":"PLATFORM","project":"00e1741fbef89c51f66534f9c4d041d2dd0e21848243f4d0fcccafe44e1b4b46","place":"MainMenu","input_event":"Ctrl+Z"},"id":"$Undo"}}
{"recorder_version":"11","session":"e94b92a597d7","build":"191.6605.12","bucket":"98","time":1557542394037,"group":{"id":"performance","version":"11"},"event":{"count":1,"data":{"duration_ms":0,"created":1557542394037},"id":"ui.latency"}}
{"recorder_version":"11","session":"e94b92a597d7","build":"191.6605.12","bucket":"98","time":1557542446685,"group":{"id":"file.types.usage","version":"11"},"event":{"count":1,"data":{"created":1557542446685,"plugin_type":"PLATFORM","project":"00e1741fbef89c51f66534f9c4d041d2dd0e21848243f4d0fcccafe44e1b4b46","type":"edit"},"id":"Python"}}
{"recorder_version":"11","session":"e94b92a597d7","build":"191.6605.12","bucket":"98","time":1557542449715,"group":{"id":"actions","version":"11"},"event":{"count":2,"data":{"context_menu":false,"os":"Windows","last":1557542449843,"created":1557542449715,"plugin_type":"PLATFORM","project":"00e1741fbef89c51f66534f9c4d041d2dd0e21848243f4d0fcccafe44e1b4b46","place":"MainMenu","input_event":"Left"},"id":"com.intellij.openapi.actionSystem.EmptyAction$MyDelegatingAction"}}
{"recorder_version":"11","session":"e94b92a597d7","build":"191.6605.12","bucket":"98","time":1557542450251,"group":{"id":"actions","version":"11"},"event":{"count":2,"data":{"context_menu":false,"os":"Windows","last":1557542450432,"created":1557542450251,"plugin_type":"PLATFORM","project":"00e1741fbef89c51f66534f9c4d041d2dd0e21848243f4d0fcccafe44e1b4b46","place":"MainMenu","input_event":"Right"},"id":"com.intellij.openapi.actionSystem.EmptyAction$MyDelegatingAction"}}
{"recorder_version":"11","session":"e94b92a597d7","build":"191.6605.12","bucket":"98","time":1557542451796,"group":{"id":"actions","version":"11"},"event":{"count":4,"data":{"context_menu":false,"os":"Windows","last":1557542452528,"created":1557542451796,"plugin_type":"PLATFORM","project":"00e1741fbef89c51f66534f9c4d041d2dd0e21848243f4d0fcccafe44e1b4b46","place":"MainMenu","input_event":"Backspace"},"id":"com.intellij.openapi.actionSystem.EmptyAction$MyDelegatingAction"}}
{"recorder_version":"11","session":"e94b92a597d7","build":"191.6605.12","bucket":"98","time":1557542494143,"group":{"id":"performance","version":"11"},"event":{"count":1,"data":{"duration_ms":1,"created":1557542494143},"id":"ui.latency"}}
{"recorder_version":"11","session":"e94b92a597d7","build":"191.6605.12","bucket":"98","time":1557542503312,"group":{"id":"ui.hidpi.mode","version":"1"},"event":{"state":true,"data":{"os":"Windows","created":1557542503312},"id":"per_monitor_dpi"}}
{"recorder_version":"11","session":"e94b92a597d7","build":"191.6605.12","bucket":"98","time":1557542503312,"group":{"id":"ui.hidpi.mode","version":"1"},"event":{"state":true,"data":{"created":1557542503313},"id":"invoked"}}
{"recorder_version":"11","session":"e94b92a597d7","build":"191.6605.12","bucket":"98","time":1557542503313,"group":{"id":"ui.info.features","version":"1"},"event":{"state":true,"data":{"grouped":"[30_50]","os":"Windows","created":1557542503313},"id":"recent.files"}}
{"recorder_version":"11","session":"e94b92a597d7","build":"191.6605.12","bucket":"98","time":1557542503313,"group":{"id":"ui.info.features","version":"1"},"event":{"state":true,"data":{"os":"Windows","created":1557542503313},"id":"Gutter.Icons"}}
{"recorder_version":"11","session":"e94b92a597d7","build":"191.6605.12","bucket":"98","time":1557542503313,"group":{"id":"ui.info.features","version":"1"},"event":{"state":true,"data":{"os":"Windows","created":1557542503313},"id":"Tool.Window.buttons.hidden"}}
{"recorder_version":"11","session":"e94b92a597d7","build":"191.6605.12","bucket":"98","time":1557542503313,"group":{"id":"ui.info.features","version":"1"},"event":{"state":true,"data":{"os":"Windows","created":1557542503313},"id":"Status.bar.visible"}}
{"recorder_version":"11","session":"e94b92a597d7","build":"191.6605.12","bucket":"98","time":1557542503313,"group":{"id":"ui.info.features","version":"1"},"event":{"state":true,"data":{"os":"Windows","created":1557542503313},"id":"Toolbar.hidden"}}
{"recorder_version":"11","session":"e94b92a597d7","build":"191.6605.12","bucket":"98","time":1557542503313,"group":{"id":"ui.info.features","version":"1"},"event":{"state":true,"data":{"os":"Windows","created":1557542503313},"id":"Recent.Files[30_50]"}}
{"recorder_version":"11","session":"e94b92a597d7","build":"191.6605.12","bucket":"98","time":1557542503313,"group":{"id":"ui.info.features","version":"1"},"event":{"state":true,"data":{"os":"Windows","created":1557542503313},"id":"Nav.Bar.visible"}}
{"recorder_version":"11","session":"e94b92a597d7","build":"191.6605.12","bucket":"98","time":1557542503313,"group":{"id":"ui.info.features","version":"1"},"event":{"state":true,"data":{"os":"Windows","created":1557542503313},"id":"Allow.merging.buttons.enabled"}}
{"recorder_version":"11","session":"e94b92a597d7","build":"191.6605.12","bucket":"98","time":1557542503313,"group":{"id":"ui.info.features","version":"1"},"event":{"state":true,"data":{"os":"Windows","created":1557542503313},"id":"Tabs.Top"}}
{"recorder_version":"11","session":"e94b92a597d7","build":"191.6605.12","bucket":"98","time":1557542503313,"group":{"id":"ui.info.features","version":"1"},"event":{"state":true,"data":{"os":"Windows","created":1557542503313},"id":"Toolbar.and.NavBar"}}
{"recorder_version":"11","session":"e94b92a597d7","build":"191.6605.12","bucket":"98","time":1557542503313,"group":{"id":"ui.info.features","version":"1"},"event":{"state":true,"data":{"os":"Windows","created":1557542503313},"id":"Line.Numbers"}}
{"recorder_version":"11","session":"e94b92a597d7","build":"191.6605.12","bucket":"98","time":1557542503313,"group":{"id":"ui.info.features","version":"1"},"event":{"state":true,"data":{"os":"Windows","created":1557542503313},"id":"Show.tips.on.startup"}}
{"recorder_version":"11","session":"e94b92a597d7","build":"191.6605.12","bucket":"98","time":1557542503313,"group":{"id":"ui.info.features","version":"1"},"event":{"state":true,"data":{"created":1557542503313},"id":"invoked"}}
{"recorder_version":"11","session":"e94b92a597d7","build":"191.6605.12","bucket":"98","time":1557542503313,"group":{"id":"plugins.disabled","version":"1"},"event":{"state":true,"data":{"created":1557542503313},"id":"invoked"}}
{"recorder_version":"11","session":"e94b92a597d7","build":"191.6605.12","bucket":"98","time":1557542503313,"group":{"id":"vcs.github","version":"1"},"event":{"state":true,"data":{"created":1557542503314},"id":"github.accounts.count.0"}}
{"recorder_version":"11","session":"e94b92a597d7","build":"191.6605.12","bucket":"98","time":1557542503313,"group":{"id":"vcs.github","version":"1"},"event":{"state":true,"data":{"created":1557542503314},"id":"github.accounts.not.default.host.disabled"}}
{"recorder_version":"11","session":"e94b92a597d7","build":"191.6605.12","bucket":"98","time":1557542503313,"group":{"id":"vcs.github","version":"1"},"event":{"state":true,"data":{"created":1557542503314},"id":"invoked"}}
{"recorder_version":"11","session":"e94b92a597d7","build":"191.6605.12","bucket":"98","time":1557542503313,"group":{"id":"user.advanced.info","version":"1"},"event":{"state":true,"data":{"created":1557542503314},"id":"release"}}
{"recorder_version":"11","session":"e94b92a597d7","build":"191.6605.12","bucket":"98","time":1557542503313,"group":{"id":"user.advanced.info","version":"1"},"event":{"state":true,"data":{"created":1557542503314},"id":"invoked"}}
{"recorder_version":"11","session":"e94b92a597d7","build":"191.6605.12","bucket":"98","time":1557542503315,"group":{"id":"platform.registry.application","version":"1"},"event":{"state":true,"data":{"created":1557542503315},"id":"linux.native.menu"}}
{"recorder_version":"11","session":"e94b92a597d7","build":"191.6605.12","bucket":"98","time":1557542503315,"group":{"id":"platform.registry.application","version":"1"},"event":{"state":true,"data":{"created":1557542503316},"id":"recent.and.edited.files.together"}}
{"recorder_version":"11","session":"e94b92a597d7","build":"191.6605.12","bucket":"98","time":1557542503315,"group":{"id":"platform.registry.application","version":"1"},"event":{"state":true,"data":{"created":1557542503316},"id":"inline.browse.button"}}
{"recorder_version":"11","session":"e94b92a597d7","build":"191.6605.12","bucket":"98","time":1557542503315,"group":{"id":"platform.registry.application","version":"1"},"event":{"state":true,"data":{"created":1557542503316},"id":"invoked"}}
{"recorder_version":"11","session":"e94b92a597d7","build":"191.6605.12","bucket":"98","time":1557542503316,"group":{"id":"ui.look.and.feel","version":"1"},"event":{"state":true,"data":{"os":"Windows","created":1557542503316},"id":"Darcula"}}
{"recorder_version":"11","session":"e94b92a597d7","build":"191.6605.12","bucket":"98","time":1557542503316,"group":{"id":"ui.look.and.feel","version":"1"},"event":{"state":true,"data":{"created":1557542503316},"id":"invoked"}}
{"recorder_version":"11","session":"e94b92a597d7","build":"191.6605.12","bucket":"98","time":1557542503317,"group":{"id":"vcs.log.index.application","version":"1"},"event":{"state":true,"data":{"created":1557542503317},"id":"invoked"}}
{"recorder_version":"11","session":"e94b92a597d7","build":"191.6605.12","bucket":"98","time":1557542503317,"group":{"id":"ui.accessibility.screen.reader","version":"1"},"event":{"state":true,"data":{"os":"Windows","created":1557542503317},"id":"screen.reader.DISABLED"}}
{"recorder_version":"11","session":"e94b92a597d7","build":"191.6605.12","bucket":"98","time":1557542503317,"group":{"id":"ui.accessibility.screen.reader","version":"1"},"event":{"state":true,"data":{"created":1557542503317},"id":"invoked"}}
{"recorder_version":"11","session":"e94b92a597d7","build":"191.6605.12","bucket":"98","time":1557542503326,"group":{"id":"editor.settings.ide","version":"1"},"event":{"state":true,"data":{"created":1557542503326},"id":"reformatOnPaste.1"}}
{"recorder_version":"11","session":"e94b92a597d7","build":"191.6605.12","bucket":"98","time":1557542503326,"group":{"id":"editor.settings.ide","version":"1"},"event":{"state":true,"data":{"created":1557542503326},"id":"invoked"}}
{"recorder_version":"11","session":"e94b92a597d7","build":"191.6605.12","bucket":"98","time":1557542503326,"group":{"id":"plugins.non.bundled","version":"1"},"event":{"state":true,"data":{"created":1557542503326},"id":"IdeaVIM"}}
{"recorder_version":"11","session":"e94b92a597d7","build":"191.6605.12","bucket":"98","time":1557542503326,"group":{"id":"plugins.non.bundled","version":"1"},"event":{"state":true,"data":{"created":1557542503326},"id":"BashSupport"}}
{"recorder_version":"11","session":"e94b92a597d7","build":"191.6605.12","bucket":"98","time":1557542503326,"group":{"id":"plugins.non.bundled","version":"1"},"event":{"state":true,"data":{"created":1557542503326},"id":"R4Intellij"}}
{"recorder_version":"11","session":"e94b92a597d7","build":"191.6605.12","bucket":"98","time":1557542503326,"group":{"id":"plugins.non.bundled","version":"1"},"event":{"state":true,"data":{"created":1557542503327},"id":"invoked"}}
{"recorder_version":"11","session":"e94b92a597d7","build":"191.6605.12","bucket":"98","time":1557542503328,"group":{"id":"ui.screen.scale","version":"1"},"event":{"state":true,"data":{"os":"Windows","created":1557542503328},"id":"1.25"}}
{"recorder_version":"11","session":"e94b92a597d7","build":"191.6605.12","bucket":"98","time":1557542503328,"group":{"id":"ui.screen.scale","version":"1"},"event":{"state":true,"data":{"created":1557542503328},"id":"invoked"}}
{"recorder_version":"11","session":"e94b92a597d7","build":"191.6605.12","bucket":"98","time":1557542503328,"group":{"id":"keymaps.name","version":"1"},"event":{"state":true,"data":{"os":"Windows","created":1557542503329},"id":"$default"}}
{"recorder_version":"11","session":"e94b92a597d7","build":"191.6605.12","bucket":"98","time":1557542503328,"group":{"id":"keymaps.name","version":"1"},"event":{"state":true,"data":{"created":1557542503329},"id":"invoked"}}
{"recorder_version":"11","session":"e94b92a597d7","build":"191.6605.12","bucket":"98","time":1557542503328,"group":{"id":"os.linux.wm","version":"1"},"event":{"state":true,"data":{"created":1557542503329},"id":"invoked"}}
{"recorder_version":"11","session":"e94b92a597d7","build":"191.6605.12","bucket":"98","time":1557542503329,"group":{"id":"ui.fonts","version":"1"},"event":{"state":true,"data":{"os":"Windows","created":1557542503329},"id":"Presentation.mode.font.size[24]"}}
{"recorder_version":"11","session":"e94b92a597d7","build":"191.6605.12","bucket":"98","time":1557542503329,"group":{"id":"ui.fonts","version":"1"},"event":{"state":true,"data":{"os":"Windows","created":1557542503329},"id":"IDE.editor.font.size[16]"}}
{"recorder_version":"11","session":"e94b92a597d7","build":"191.6605.12","bucket":"98","time":1557542503329,"group":{"id":"ui.fonts","version":"1"},"event":{"state":true,"data":{"os":"Windows","created":1557542503329},"id":"UI.font.name[null]"}}
{"recorder_version":"11","session":"e94b92a597d7","build":"191.6605.12","bucket":"98","time":1557542503329,"group":{"id":"ui.fonts","version":"1"},"event":{"state":true,"data":{"os":"Windows","created":1557542503329},"id":"IDE.editor.font.name[Monospaced]"}}
{"recorder_version":"11","session":"e94b92a597d7","build":"191.6605.12","bucket":"98","time":1557542503329,"group":{"id":"ui.fonts","version":"1"},"event":{"state":true,"data":{"os":"Windows","created":1557542503329},"id":"UI.font.size[12]"}}
{"recorder_version":"11","session":"e94b92a597d7","build":"191.6605.12","bucket":"98","time":1557542503329,"group":{"id":"ui.fonts","version":"1"},"event":{"state":true,"data":{"created":1557542503329},"id":"invoked"}}
{"recorder_version":"11","session":"e94b92a597d7","build":"191.6605.12","bucket":"98","time":1557542503336,"group":{"id":"vcs.diff","version":"1"},"event":{"state":true,"data":{"created":1557542503336},"id":"show.warnings.policy.TestsFiledAssertions.inspections"}}
{"recorder_version":"11","session":"e94b92a597d7","build":"191.6605.12","bucket":"98","time":1557542503336,"group":{"id":"vcs.diff","version":"1"},"event":{"state":true,"data":{"created":1557542503336},"id":"use.unified.diff.Default.disabled"}}
{"recorder_version":"11","session":"e94b92a597d7","build":"191.6605.12","bucket":"98","time":1557542503336,"group":{"id":"vcs.diff","version":"1"},"event":{"state":true,"data":{"created":1557542503336},"id":"collapse.unchanged.VcsLogView.enabled"}}
{"recorder_version":"11","session":"e94b92a597d7","build":"191.6605.12","bucket":"98","time":1557542503336,"group":{"id":"vcs.diff","version":"1"},"event":{"state":true,"data":{"created":1557542503336},"id":"ignore.policy.Default.default"}}
{"recorder_version":"11","session":"e94b92a597d7","build":"191.6605.12","bucket":"98","time":1557542503336,"group":{"id":"vcs.diff","version":"1"},"event":{"state":true,"data":{"created":1557542503336},"id":"use.soft.wraps.Merge.disabled"}}
{"recorder_version":"11","session":"e94b92a597d7","build":"191.6605.12","bucket":"98","time":1557542503336,"group":{"id":"vcs.diff","version":"1"},"event":{"state":true,"data":{"created":1557542503336},"id":"show.line.numbers.TestsFiledAssertions.enabled"}}
{"recorder_version":"11","session":"e94b92a597d7","build":"191.6605.12","bucket":"98","time":1557542503336,"group":{"id":"vcs.diff","version":"1"},"event":{"state":true,"data":{"created":1557542503336},"id":"show.line.numbers.ChangesView.enabled"}}
{"recorder_version":"11","session":"e94b92a597d7","build":"191.6605.12","bucket":"98","time":1557542503336,"group":{"id":"vcs.diff","version":"1"},"event":{"state":true,"data":{"created":1557542503336},"id":"ignore.policy.VcsLogView.default"}}
{"recorder_version":"11","session":"e94b92a597d7","build":"191.6605.12","bucket":"98","time":1557542503336,"group":{"id":"vcs.diff","version":"1"},"event":{"state":true,"data":{"created":1557542503336},"id":"highlight.policy.VcsLogView.by_word"}}
{"recorder_version":"11","session":"e94b92a597d7","build":"191.6605.12","bucket":"98","time":1557542503336,"group":{"id":"vcs.diff","version":"1"},"event":{"state":true,"data":{"created":1557542503336},"id":"use.soft.wraps.TestsFiledAssertions.disabled"}}
{"recorder_version":"11","session":"e94b92a597d7","build":"191.6605.12","bucket":"98","time":1557542503336,"group":{"id":"vcs.diff","version":"1"},"event":{"state":true,"data":{"created":1557542503336},"id":"show.warnings.policy.ChangesView.inspections"}}
{"recorder_version":"11","session":"e94b92a597d7","build":"191.6605.12","bucket":"98","time":1557542503336,"group":{"id":"vcs.diff","version":"1"},"event":{"state":true,"data":{"created":1557542503337},"id":"use.soft.wraps.ChangesView.disabled"}}
{"recorder_version":"11","session":"e94b92a597d7","build":"191.6605.12","bucket":"98","time":1557542503336,"group":{"id":"vcs.diff","version":"1"},"event":{"state":true,"data":{"created":1557542503337},"id":"use.soft.wraps.VcsLogView.disabled"}}
{"recorder_version":"11","session":"e94b92a597d7","build":"191.6605.12","bucket":"98","time":1557542503336,"group":{"id":"vcs.diff","version":"1"},"event":{"state":true,"data":{"created":1557542503337},"id":"collapse.unchanged.Merge.disabled"}}
{"recorder_version":"11","session":"e94b92a597d7","build":"191.6605.12","bucket":"98","time":1557542503336,"group":{"id":"vcs.diff","version":"1"},"event":{"state":true,"data":{"created":1557542503337},"id":"external.merge.disabled"}}
{"recorder_version":"11","session":"e94b92a597d7","build":"191.6605.12","bucket":"98","time":1557542503336,"group":{"id":"vcs.diff","version":"1"},"event":{"state":true,"data":{"created":1557542503337},"id":"show.line.numbers.CommitDialog.enabled"}}
{"recorder_version":"11","session":"e94b92a597d7","build":"191.6605.12","bucket":"98","time":1557542503336,"group":{"id":"vcs.diff","version":"1"},"event":{"state":true,"data":{"created":1557542503337},"id":"ignore.policy.TestsFiledAssertions.default"}}
{"recorder_version":"11","session":"e94b92a597d7","build":"191.6605.12","bucket":"98","time":1557542503336,"group":{"id":"vcs.diff","version":"1"},"event":{"state":true,"data":{"created":1557542503337},"id":"show.warnings.policy.Merge.inspections"}}
{"recorder_version":"11","session":"e94b92a597d7","build":"191.6605.12","bucket":"98","time":1557542503336,"group":{"id":"vcs.diff","version":"1"},"event":{"state":true,"data":{"created":1557542503337},"id":"show.line.numbers.Merge.enabled"}}
{"recorder_version":"11","session":"e94b92a597d7","build":"191.6605.12","bucket":"98","time":1557542503336,"group":{"id":"vcs.diff","version":"1"},"event":{"state":true,"data":{"created":1557542503337},"id":"ignore.policy.Merge.default"}}
{"recorder_version":"11","session":"e94b92a597d7","build":"191.6605.12","bucket":"98","time":1557542503336,"group":{"id":"vcs.diff","version":"1"},"event":{"state":true,"data":{"created":1557542503337},"id":"collapse.unchanged.ChangesView.enabled"}}
{"recorder_version":"11","session":"e94b92a597d7","build":"191.6605.12","bucket":"98","time":1557542503336,"group":{"id":"vcs.diff","version":"1"},"event":{"state":true,"data":{"created":1557542503337},"id":"use.soft.wraps.CommitDialog.disabled"}}
{"recorder_version":"11","session":"e94b92a597d7","build":"191.6605.12","bucket":"98","time":1557542503336,"group":{"id":"vcs.diff","version":"1"},"event":{"state":true,"data":{"created":1557542503337},"id":"use.unified.diff.TestsFiledAssertions.disabled"}}
{"recorder_version":"11","session":"e94b92a597d7","build":"191.6605.12","bucket":"98","time":1557542503336,"group":{"id":"vcs.diff","version":"1"},"event":{"state":true,"data":{"created":1557542503337},"id":"use.unified.diff.CommitDialog.disabled"}}
{"recorder_version":"11","session":"e94b92a597d7","build":"191.6605.12","bucket":"98","time":1557542503336,"group":{"id":"vcs.diff","version":"1"},"event":{"state":true,"data":{"created":1557542503337},"id":"show.warnings.policy.VcsLogView.inspections"}}
{"recorder_version":"11","session":"e94b92a597d7","build":"191.6605.12","bucket":"98","time":1557542503336,"group":{"id":"vcs.diff","version":"1"},"event":{"state":true,"data":{"created":1557542503337},"id":"external.diff.disabled"}}
{"recorder_version":"11","session":"e94b92a597d7","build":"191.6605.12","bucket":"98","time":1557542503336,"group":{"id":"vcs.diff","version":"1"},"event":{"state":true,"data":{"created":1557542503337},"id":"use.unified.diff.VcsLogView.enabled"}}
{"recorder_version":"11","session":"e94b92a597d7","build":"191.6605.12","bucket":"98","time":1557542503336,"group":{"id":"vcs.diff","version":"1"},"event":{"state":true,"data":{"created":1557542503337},"id":"highlight.policy.ChangesView.by_word"}}
{"recorder_version":"11","session":"e94b92a597d7","build":"191.6605.12","bucket":"98","time":1557542503336,"group":{"id":"vcs.diff","version":"1"},"event":{"state":true,"data":{"created":1557542503337},"id":"collapse.unchanged.Default.disabled"}}
{"recorder_version":"11","session":"e94b92a597d7","build":"191.6605.12","bucket":"98","time":1557542503336,"group":{"id":"vcs.diff","version":"1"},"event":{"state":true,"data":{"created":1557542503338},"id":"collapse.unchanged.CommitDialog.enabled"}}
{"recorder_version":"11","session":"e94b92a597d7","build":"191.6605.12","bucket":"98","time":1557542503336,"group":{"id":"vcs.diff","version":"1"},"event":{"state":true,"data":{"created":1557542503338},"id":"highlight.policy.CommitDialog.by_word"}}
{"recorder_version":"11","session":"e94b92a597d7","build":"191.6605.12","bucket":"98","time":1557542503336,"group":{"id":"vcs.diff","version":"1"},"event":{"state":true,"data":{"created":1557542503338},"id":"show.warnings.policy.CommitDialog.inspections"}}
{"recorder_version":"11","session":"e94b92a597d7","build":"191.6605.12","bucket":"98","time":1557542503336,"group":{"id":"vcs.diff","version":"1"},"event":{"state":true,"data":{"created":1557542503338},"id":"show.line.numbers.VcsLogView.enabled"}}
{"recorder_version":"11","session":"e94b92a597d7","build":"191.6605.12","bucket":"98","time":1557542503336,"group":{"id":"vcs.diff","version":"1"},"event":{"state":true,"data":{"created":1557542503338},"id":"show.warnings.policy.Default.inspections"}}
{"recorder_version":"11","session":"e94b92a597d7","build":"191.6605.12","bucket":"98","time":1557542503336,"group":{"id":"vcs.diff","version":"1"},"event":{"state":true,"data":{"created":1557542503338},"id":"highlight.policy.Merge.by_word"}}
{"recorder_version":"11","session":"e94b92a597d7","build":"191.6605.12","bucket":"98","time":1557542503336,"group":{"id":"vcs.diff","version":"1"},"event":{"state":true,"data":{"created":1557542503338},"id":"use.soft.wraps.Default.disabled"}}
{"recorder_version":"11","session":"e94b92a597d7","build":"191.6605.12","bucket":"98","time":1557542503336,"group":{"id":"vcs.diff","version":"1"},"event":{"state":true,"data":{"created":1557542503338},"id":"highlight.policy.Default.by_word"}}
{"recorder_version":"11","session":"e94b92a597d7","build":"191.6605.12","bucket":"98","time":1557542503336,"group":{"id":"vcs.diff","version":"1"},"event":{"state":true,"data":{"created":1557542503338},"id":"use.unified.diff.ChangesView.disabled"}}
{"recorder_version":"11","session":"e94b92a597d7","build":"191.6605.12","bucket":"98","time":1557542503336,"group":{"id":"vcs.diff","version":"1"},"event":{"state":true,"data":{"created":1557542503338},"id":"ignore.policy.CommitDialog.default"}}
{"recorder_version":"11","session":"e94b92a597d7","build":"191.6605.12","bucket":"98","time":1557542503336,"group":{"id":"vcs.diff","version":"1"},"event":{"state":true,"data":{"created":1557542503338},"id":"enable.read.lock.CommitDialog.enabled"}}
{"recorder_version":"11","session":"e94b92a597d7","build":"191.6605.12","bucket":"98","time":1557542503336,"group":{"id":"vcs.diff","version":"1"},"event":{"state":true,"data":{"created":1557542503338},"id":"external.diff.default.disabled"}}
{"recorder_version":"11","session":"e94b92a597d7","build":"191.6605.12","bucket":"98","time":1557542503336,"group":{"id":"vcs.diff","version":"1"},"event":{"state":true,"data":{"created":1557542503338},"id":"show.line.numbers.Default.enabled"}}
{"recorder_version":"11","session":"e94b92a597d7","build":"191.6605.12","bucket":"98","time":1557542503336,"group":{"id":"vcs.diff","version":"1"},"event":{"state":true,"data":{"created":1557542503338},"id":"collapse.unchanged.TestsFiledAssertions.disabled"}}
{"recorder_version":"11","session":"e94b92a597d7","build":"191.6605.12","bucket":"98","time":1557542503336,"group":{"id":"vcs.diff","version":"1"},"event":{"state":true,"data":{"created":1557542503338},"id":"highlight.policy.TestsFiledAssertions.by_word"}}
{"recorder_version":"11","session":"e94b92a597d7","build":"191.6605.12","bucket":"98","time":1557542503336,"group":{"id":"vcs.diff","version":"1"},"event":{"state":true,"data":{"created":1557542503338},"id":"iterate.next.file.enabled"}}
{"recorder_version":"11","session":"e94b92a597d7","build":"191.6605.12","bucket":"98","time":1557542503336,"group":{"id":"vcs.diff","version":"1"},"event":{"state":true,"data":{"created":1557542503338},"id":"ignore.policy.ChangesView.default"}}
{"recorder_version":"11","session":"e94b92a597d7","build":"191.6605.12","bucket":"98","time":1557542503336,"group":{"id":"vcs.diff","version":"1"},"event":{"state":true,"data":{"created":1557542503338},"id":"use.unified.diff.Merge.disabled"}}
{"recorder_version":"11","session":"e94b92a597d7","build":"191.6605.12","bucket":"98","time":1557542503336,"group":{"id":"vcs.diff","version":"1"},"event":{"state":true,"data":{"created":1557542503339},"id":"invoked"}}
{"recorder_version":"11","session":"e94b92a597d7","build":"191.6605.12","bucket":"98","time":1557542594255,"group":{"id":"performance","version":"11"},"event":{"count":1,"data":{"duration_ms":0,"created":1557542594255},"id":"ui.latency"}}
{"recorder_version":"11","session":"e94b92a597d7","build":"191.6605.12","bucket":"98","time":1557542694366,"group":{"id":"performance","version":"11"},"event":{"count":1,"data":{"duration_ms":0,"created":1557542694366},"id":"ui.latency"}}
{"recorder_version":"11","session":"e94b92a597d7","build":"191.6605.12","bucket":"98","time":1557542794464,"group":{"id":"performance","version":"11"},"event":{"count":1,"data":{"duration_ms":0,"created":1557542794464},"id":"ui.latency"}}
{"recorder_version":"11","session":"e94b92a597d7","build":"191.6605.12","bucket":"98","time":1557542894566,"group":{"id":"performance","version":"11"},"event":{"count":1,"data":{"duration_ms":0,"created":1557542894566},"id":"ui.latency"}}
{"recorder_version":"11","session":"e94b92a597d7","build":"191.6605.12","bucket":"98","time":1557542994671,"group":{"id":"performance","version":"11"},"event":{"count":1,"data":{"duration_ms":0,"created":1557542994671},"id":"ui.latency"}}
{"recorder_version":"11","session":"e94b92a597d7","build":"191.6605.12","bucket":"98","time":1557543094768,"group":{"id":"performance","version":"11"},"event":{"count":1,"data":{"duration_ms":0,"created":1557543094769},"id":"ui.latency"}}
{"recorder_version":"11","session":"e94b92a597d7","build":"191.6605.12","bucket":"98","time":1557543194858,"group":{"id":"performance","version":"11"},"event":{"count":1,"data":{"duration_ms":0,"created":1557543194858},"id":"ui.latency"}}
{"recorder_version":"11","session":"e94b92a597d7","build":"191.6605.12","bucket":"98","time":1557543294947,"group":{"id":"performance","version":"11"},"event":{"count":1,"data":{"duration_ms":0,"created":1557543294947},"id":"ui.latency"}}
{"recorder_version":"11","session":"e94b92a597d7","build":"191.6605.12","bucket":"98","time":1557543393654,"group":{"id":"enabled.bundled.tools","version":"2"},"event":{"state":true,"data":{"created":1557543393654,"project":"00e1741fbef89c51f66534f9c4d041d2dd0e21848243f4d0fcccafe44e1b4b46"},"id":"invoked"}}
{"recorder_version":"11","session":"e94b92a597d7","build":"191.6605.12","bucket":"98","time":1557543393658,"group":{"id":"vcs.log.ui","version":"1"},"event":{"state":true,"data":{"created":1557543393658,"project":"00e1741fbef89c51f66534f9c4d041d2dd0e21848243f4d0fcccafe44e1b4b46"},"id":"invoked"}}
{"recorder_version":"11","session":"e94b92a597d7","build":"191.6605.12","bucket":"98","time":1557543393658,"group":{"id":"vcs.names","version":"1"},"event":{"state":true,"data":{"created":1557543393658,"project":"00e1741fbef89c51f66534f9c4d041d2dd0e21848243f4d0fcccafe44e1b4b46"},"id":"invoked"}}
{"recorder_version":"11","session":"e94b92a597d7","build":"191.6605.12","bucket":"98","time":1557543393659,"group":{"id":"python.interpreter","version":"1"},"event":{"state":true,"data":{"created":1557543393659,"project":"00e1741fbef89c51f66534f9c4d041d2dd0e21848243f4d0fcccafe44e1b4b46"},"id":"37.local.virtualenv"}}
{"recorder_version":"11","session":"e94b92a597d7","build":"191.6605.12","bucket":"98","time":1557543393659,"group":{"id":"python.interpreter","version":"1"},"event":{"state":true,"data":{"created":1557543393659,"project":"00e1741fbef89c51f66534f9c4d041d2dd0e21848243f4d0fcccafe44e1b4b46"},"id":"invoked"}}
{"recorder_version":"11","session":"e94b92a597d7","build":"191.6605.12","bucket":"98","time":1557543393668,"group":{"id":"project.structure","version":"1"},"event":{"state":true,"data":{"created":1557543393668,"project":"00e1741fbef89c51f66534f9c4d041d2dd0e21848243f4d0fcccafe44e1b4b46"},"id":"source.roots.count.0"}}
{"recorder_version":"11","session":"e94b92a597d7","build":"191.6605.12","bucket":"98","time":1557543393668,"group":{"id":"project.structure","version":"1"},"event":{"state":true,"data":{"created":1557543393668,"project":"00e1741fbef89c51f66534f9c4d041d2dd0e21848243f4d0fcccafe44e1b4b46"},"id":"content.roots.count.1"}}
{"recorder_version":"11","session":"e94b92a597d7","build":"191.6605.12","bucket":"98","time":1557543393668,"group":{"id":"project.structure","version":"1"},"event":{"state":true,"data":{"created":1557543393668,"project":"00e1741fbef89c51f66534f9c4d041d2dd0e21848243f4d0fcccafe44e1b4b46"},"id":"excluded.roots.count.1"}}
{"recorder_version":"11","session":"e94b92a597d7","build":"191.6605.12","bucket":"98","time":1557543393668,"group":{"id":"project.structure","version":"1"},"event":{"state":true,"data":{"created":1557543393668,"project":"00e1741fbef89c51f66534f9c4d041d2dd0e21848243f4d0fcccafe44e1b4b46"},"id":"modules.count.1"}}
{"recorder_version":"11","session":"e94b92a597d7","build":"191.6605.12","bucket":"98","time":1557543393668,"group":{"id":"project.structure","version":"1"},"event":{"state":true,"data":{"created":1557543393668,"project":"00e1741fbef89c51f66534f9c4d041d2dd0e21848243f4d0fcccafe44e1b4b46"},"id":"invoked"}}
{"recorder_version":"11","session":"e94b92a597d7","build":"191.6605.12","bucket":"98","time":1557543393668,"group":{"id":"python.interpreter.type","version":"1"},"event":{"state":true,"data":{"created":1557543393668,"project":"00e1741fbef89c51f66534f9c4d041d2dd0e21848243f4d0fcccafe44e1b4b46"},"id":"virtualenv"}}
{"recorder_version":"11","session":"e94b92a597d7","build":"191.6605.12","bucket":"98","time":1557543393668,"group":{"id":"python.interpreter.type","version":"1"},"event":{"state":true,"data":{"created":1557543393668,"project":"00e1741fbef89c51f66534f9c4d041d2dd0e21848243f4d0fcccafe44e1b4b46"},"id":"invoked"}}
{"recorder_version":"11","session":"e94b92a597d7","build":"191.6605.12","bucket":"98","time":1557543393673,"group":{"id":"vcs.options","version":"1"},"event":{"state":true,"data":{"created":1557543393673,"project":"00e1741fbef89c51f66534f9c4d041d2dd0e21848243f4d0fcccafe44e1b4b46"},"id":"invoked"}}
{"recorder_version":"11","session":"e94b92a597d7","build":"191.6605.12","bucket":"98","time":1557543393673,"group":{"id":"vcs.log.index.project","version":"1"},"event":{"state":true,"data":{"created":1557543393673,"project":"00e1741fbef89c51f66534f9c4d041d2dd0e21848243f4d0fcccafe44e1b4b46"},"id":"invoked"}}
{"recorder_version":"11","session":"e94b92a597d7","build":"191.6605.12","bucket":"98","time":1557543393674,"group":{"id":"vcs.metrics","version":"1"},"event":{"state":true,"data":{"created":1557543393675,"project":"00e1741fbef89c51f66534f9c4d041d2dd0e21848243f4d0fcccafe44e1b4b46"},"id":"ignored.files.count.0"}}
{"recorder_version":"11","session":"e94b92a597d7","build":"191.6605.12","bucket":"98","time":1557543393675,"group":{"id":"vcs.metrics","version":"1"},"event":{"state":true,"data":{"created":1557543393675,"project":"00e1741fbef89c51f66534f9c4d041d2dd0e21848243f4d0fcccafe44e1b4b46"},"id":"has.default.vcs.root.mapping.enabled"}}
{"recorder_version":"11","session":"e94b92a597d7","build":"191.6605.12","bucket":"98","time":1557543393675,"group":{"id":"vcs.metrics","version":"1"},"event":{"state":true,"data":{"created":1557543393675,"project":"00e1741fbef89c51f66534f9c4d041d2dd0e21848243f4d0fcccafe44e1b4b46"},"id":"active.changelists.count.1"}}
{"recorder_version":"11","session":"e94b92a597d7","build":"191.6605.12","bucket":"98","time":1557543393675,"group":{"id":"vcs.metrics","version":"1"},"event":{"state":true,"data":{"created":1557543393675,"project":"00e1741fbef89c51f66534f9c4d041d2dd0e21848243f4d0fcccafe44e1b4b46"},"id":"unversioned.files.count.0"}}
{"recorder_version":"11","session":"e94b92a597d7","build":"191.6605.12","bucket":"98","time":1557543393675,"group":{"id":"vcs.metrics","version":"1"},"event":{"state":true,"data":{"created":1557543393675,"project":"00e1741fbef89c51f66534f9c4d041d2dd0e21848243f4d0fcccafe44e1b4b46"},"id":"vcs.roots.count.0"}}
{"recorder_version":"11","session":"e94b92a597d7","build":"191.6605.12","bucket":"98","time":1557543393675,"group":{"id":"vcs.metrics","version":"1"},"event":{"state":true,"data":{"created":1557543393675,"project":"00e1741fbef89c51f66534f9c4d041d2dd0e21848243f4d0fcccafe44e1b4b46"},"id":"invoked"}}
{"recorder_version":"11","session":"e94b92a597d7","build":"191.6605.12","bucket":"98","time":1557543393675,"group":{"id":"enabled.listed.tools","version":"2"},"event":{"state":true,"data":{"created":1557543393675,"project":"00e1741fbef89c51f66534f9c4d041d2dd0e21848243f4d0fcccafe44e1b4b46"},"id":"invoked"}}
{"recorder_version":"11","session":"e94b92a597d7","build":"191.6605.12","bucket":"98","time":1557543393676,"group":{"id":"run.configuration.type","version":"1"},"event":{"state":true,"data":{"created":1557543393676,"project":"00e1741fbef89c51f66534f9c4d041d2dd0e21848243f4d0fcccafe44e1b4b46"},"id":"invoked"}}
{"recorder_version":"11","session":"e94b92a597d7","build":"191.6605.12","bucket":"98","time":1557543393683,"group":{"id":"vcs.git.settings","version":"1"},"event":{"state":true,"data":{"created":1557543393683,"project":"00e1741fbef89c51f66534f9c4d041d2dd0e21848243f4d0fcccafe44e1b4b46"},"id":"config.cherry-pick.autocommit.disabled"}}
{"recorder_version":"11","session":"e94b92a597d7","build":"191.6605.12","bucket":"98","time":1557543393683,"group":{"id":"vcs.git.settings","version":"1"},"event":{"state":true,"data":{"created":1557543393683,"project":"00e1741fbef89c51f66534f9c4d041d2dd0e21848243f4d0fcccafe44e1b4b46"},"id":"config.save.policy.STASH"}}
{"recorder_version":"11","session":"e94b92a597d7","build":"191.6605.12","bucket":"98","time":1557543393683,"group":{"id":"vcs.git.settings","version":"1"},"event":{"state":true,"data":{"created":1557543393683,"project":"00e1741fbef89c51f66534f9c4d041d2dd0e21848243f4d0fcccafe44e1b4b46"},"id":"config.warn.about.detached.enabled"}}
{"recorder_version":"11","session":"e94b92a597d7","build":"191.6605.12","bucket":"98","time":1557543393683,"group":{"id":"vcs.git.settings","version":"1"},"event":{"state":true,"data":{"created":1557543393683,"project":"00e1741fbef89c51f66534f9c4d041d2dd0e21848243f4d0fcccafe44e1b4b46"},"id":"config.update.type.BRANCH_DEFAULT"}}
{"recorder_version":"11","session":"e94b92a597d7","build":"191.6605.12","bucket":"98","time":1557543393683,"group":{"id":"vcs.git.settings","version":"1"},"event":{"state":true,"data":{"created":1557543393683,"project":"00e1741fbef89c51f66534f9c4d041d2dd0e21848243f4d0fcccafe44e1b4b46"},"id":"config.repo.sync.NOT_DECIDED"}}
{"recorder_version":"11","session":"e94b92a597d7","build":"191.6605.12","bucket":"98","time":1557543393683,"group":{"id":"vcs.git.settings","version":"1"},"event":{"state":true,"data":{"created":1557543393683,"project":"00e1741fbef89c51f66534f9c4d041d2dd0e21848243f4d0fcccafe44e1b4b46"},"id":"config.ssh.disabled"}}
{"recorder_version":"11","session":"e94b92a597d7","build":"191.6605.12","bucket":"98","time":1557543393683,"group":{"id":"vcs.git.settings","version":"1"},"event":{"state":true,"data":{"created":1557543393683,"project":"00e1741fbef89c51f66534f9c4d041d2dd0e21848243f4d0fcccafe44e1b4b46"},"id":"config.push.update.all.roots.enabled"}}
{"recorder_version":"11","session":"e94b92a597d7","build":"191.6605.12","bucket":"98","time":1557543393683,"group":{"id":"vcs.git.settings","version":"1"},"event":{"state":true,"data":{"created":1557543393683,"project":"00e1741fbef89c51f66534f9c4d041d2dd0e21848243f4d0fcccafe44e1b4b46","type":"NULL","version":"0.0.0"},"id":"version"}}
{"recorder_version":"11","session":"e94b92a597d7","build":"191.6605.12","bucket":"98","time":1557543393683,"group":{"id":"vcs.git.settings","version":"1"},"event":{"state":true,"data":{"created":1557543393683,"project":"00e1741fbef89c51f66534f9c4d041d2dd0e21848243f4d0fcccafe44e1b4b46"},"id":"config.push.autoupdate.disabled"}}
{"recorder_version":"11","session":"e94b92a597d7","build":"191.6605.12","bucket":"98","time":1557543393683,"group":{"id":"vcs.git.settings","version":"1"},"event":{"state":true,"data":{"created":1557543393683,"project":"00e1741fbef89c51f66534f9c4d041d2dd0e21848243f4d0fcccafe44e1b4b46"},"id":"config.warn.about.crlf.enabled"}}
{"recorder_version":"11","session":"e94b92a597d7","build":"191.6605.12","bucket":"98","time":1557543393683,"group":{"id":"vcs.git.settings","version":"1"},"event":{"state":true,"data":{"created":1557543393683,"project":"00e1741fbef89c51f66534f9c4d041d2dd0e21848243f4d0fcccafe44e1b4b46"},"id":"invoked"}}
{"recorder_version":"11","session":"e94b92a597d7","build":"191.6605.12","bucket":"98","time":1557543393683,"group":{"id":"module.facets","version":"1"},"event":{"state":true,"data":{"created":1557543393683,"project":"00e1741fbef89c51f66534f9c4d041d2dd0e21848243f4d0fcccafe44e1b4b46"},"id":"invoked"}}
{"recorder_version":"11","session":"e94b92a597d7","build":"191.6605.12","bucket":"98","time":1557543393684,"group":{"id":"run.configuration.type.temp","version":"1"},"event":{"state":true,"data":{"shared":false,"activate_before_run":true,"parallel":false,"created":1557543393684,"plugin_type":"PLATFORM","project":"00e1741fbef89c51f66534f9c4d041d2dd0e21848243f4d0fcccafe44e1b4b46","edit_before_run":false},"id":"PythonConfigurationType"}}
{"recorder_version":"11","session":"e94b92a597d7","build":"191.6605.12","bucket":"98","time":1557543393684,"group":{"id":"run.configuration.type.temp","version":"1"},"event":{"state":true,"data":{"created":1557543393684,"project":"00e1741fbef89c51f66534f9c4d041d2dd0e21848243f4d0fcccafe44e1b4b46"},"id":"invoked"}}
{"recorder_version":"11","session":"e94b92a597d7","build":"191.6605.12","bucket":"98","time":1557543393684,"group":{"id":"disabled.bundled.tools","version":"2"},"event":{"state":true,"data":{"created":1557543393684,"project":"00e1741fbef89c51f66534f9c4d041d2dd0e21848243f4d0fcccafe44e1b4b46"},"id":"invoked"}}
{"recorder_version":"11","session":"e94b92a597d7","build":"191.6605.12","bucket":"98","time":1557543393684,"group":{"id":"run.dashboard","version":"1"},"event":{"state":true,"data":{"created":1557543393684,"project":"00e1741fbef89c51f66534f9c4d041d2dd0e21848243f4d0fcccafe44e1b4b46"},"id":"run.dashboard.disabled"}}
{"recorder_version":"11","session":"e94b92a597d7","build":"191.6605.12","bucket":"98","time":1557543393684,"group":{"id":"run.dashboard","version":"1"},"event":{"state":true,"data":{"created":1557543393684,"project":"00e1741fbef89c51f66534f9c4d041d2dd0e21848243f4d0fcccafe44e1b4b46"},"id":"invoked"}}
{"recorder_version":"11","session":"e94b92a597d7","build":"191.6605.12","bucket":"98","time":1557543393747,"group":{"id":"vcs.svn.format","version":"1"},"event":{"state":true,"data":{"created":1557543393747,"project":"00e1741fbef89c51f66534f9c4d041d2dd0e21848243f4d0fcccafe44e1b4b46"},"id":"invoked"}}
{"recorder_version":"11","session":"e94b92a597d7","build":"191.6605.12","bucket":"98","time":1557543393758,"group":{"id":"file.types","version":"1"},"event":{"state":true,"data":{"created":1557543393758,"plugin_type":"PLATFORM","project":"00e1741fbef89c51f66534f9c4d041d2dd0e21848243f4d0fcccafe44e1b4b46"},"id":"Python"}}
{"recorder_version":"11","session":"e94b92a597d7","build":"191.6605.12","bucket":"98","time":1557543393758,"group":{"id":"file.types","version":"1"},"event":{"state":true,"data":{"created":1557543393758,"project":"00e1741fbef89c51f66534f9c4d041d2dd0e21848243f4d0fcccafe44e1b4b46"},"id":"invoked"}}
{"recorder_version":"11","session":"e94b92a597d7","build":"191.6605.12","bucket":"98","time":1557543393760,"group":{"id":"editor.settings.project","version":"1"},"event":{"state":true,"data":{"created":1557543393760,"project":"00e1741fbef89c51f66534f9c4d041d2dd0e21848243f4d0fcccafe44e1b4b46"},"id":"invoked"}}
{"recorder_version":"11","session":"e94b92a597d7","build":"191.6605.12","bucket":"98","time":1557543393760,"group":{"id":"vcs.log.data","version":"1"},"event":{"state":true,"data":{"created":1557543393760,"project":"00e1741fbef89c51f66534f9c4d041d2dd0e21848243f4d0fcccafe44e1b4b46"},"id":"invoked"}}
{"recorder_version":"11","session":"e94b92a597d7","build":"191.6605.12","bucket":"98","time":1557543393761,"group":{"id":"python.packages.versions","version":"1"},"event":{"state":true,"data":{"created":1557543393761,"project":"00e1741fbef89c51f66534f9c4d041d2dd0e21848243f4d0fcccafe44e1b4b46"},"id":"invoked"}}
{"recorder_version":"11","session":"e94b92a597d7","build":"191.6605.12","bucket":"98","time":1557543393761,"group":{"id":"disabled.listed.tools","version":"2"},"event":{"state":true,"data":{"created":1557543393761,"project":"00e1741fbef89c51f66534f9c4d041d2dd0e21848243f4d0fcccafe44e1b4b46"},"id":"invoked"}}
{"recorder_version":"11","session":"e94b92a597d7","build":"191.6605.12","bucket":"98","time":1557543393761,"group":{"id":"python.interpreter.remote","version":"2"},"event":{"state":true,"data":{"created":1557543393761,"project":"00e1741fbef89c51f66534f9c4d041d2dd0e21848243f4d0fcccafe44e1b4b46"},"id":"local"}}
{"recorder_version":"11","session":"e94b92a597d7","build":"191.6605.12","bucket":"98","time":1557543393761,"group":{"id":"python.interpreter.remote","version":"2"},"event":{"state":true,"data":{"created":1557543393761,"project":"00e1741fbef89c51f66534f9c4d041d2dd0e21848243f4d0fcccafe44e1b4b46"},"id":"invoked"}}
{"recorder_version":"11","session":"e94b92a597d7","build":"191.6605.12","bucket":"98","time":1557543393761,"group":{"id":"python.packages","version":"1"},"event":{"state":true,"data":{"created":1557543393761,"project":"00e1741fbef89c51f66534f9c4d041d2dd0e21848243f4d0fcccafe44e1b4b46"},"id":"invoked"}}
{"recorder_version":"11","session":"e94b92a597d7","build":"191.6605.12","bucket":"98","time":1557543393764,"group":{"id":"python.interpreter.version","version":"1"},"event":{"state":true,"data":{"created":1557543393764,"project":"00e1741fbef89c51f66534f9c4d041d2dd0e21848243f4d0fcccafe44e1b4b46"},"id":"37"}}
{"recorder_version":"11","session":"e94b92a597d7","build":"191.6605.12","bucket":"98","time":1557543393764,"group":{"id":"python.interpreter.version","version":"1"},"event":{"state":true,"data":{"created":1557543393764,"project":"00e1741fbef89c51f66534f9c4d041d2dd0e21848243f4d0fcccafe44e1b4b46"},"id":"invoked"}}
{"recorder_version":"11","session":"e94b92a597d7","build":"191.6605.12","bucket":"98","time":1557543393765,"group":{"id":"vcs.git.project.root","version":"1"},"event":{"state":true,"data":{"created":1557543393765,"project":"00e1741fbef89c51f66534f9c4d041d2dd0e21848243f4d0fcccafe44e1b4b46"},"id":"invoked"}}
{"recorder_version":"11","session":"e94b92a597d7","build":"191.6605.12","bucket":"98","time":1557543393768,"group":{"id":"debugger.breakpoints","version":"1"},"event":{"state":true,"data":{"created":1557543393769,"project":"00e1741fbef89c51f66534f9c4d041d2dd0e21848243f4d0fcccafe44e1b4b46"},"id":"total.0"}}
{"recorder_version":"11","session":"e94b92a597d7","build":"191.6605.12","bucket":"98","time":1557543393768,"group":{"id":"debugger.breakpoints","version":"1"},"event":{"state":true,"data":{"created":1557543393769,"project":"00e1741fbef89c51f66534f9c4d041d2dd0e21848243f4d0fcccafe44e1b4b46"},"id":"invoked"}}
{"recorder_version":"11","session":"e94b92a597d7","build":"191.6605.12","bucket":"98","time":1557543395056,"group":{"id":"performance","version":"11"},"event":{"count":1,"data":{"duration_ms":0,"created":1557543395056},"id":"ui.latency"}}
{"recorder_version":"11","session":"e94b92a597d7","build":"191.6605.12","bucket":"98","time":1557543495159,"group":{"id":"performance","version":"11"},"event":{"count":1,"data":{"duration_ms":0,"created":1557543495159},"id":"ui.latency"}}
{"recorder_version":"11","session":"e94b92a597d7","build":"191.6605.12","bucket":"98","time":1557543595269,"group":{"id":"performance","version":"11"},"event":{"count":1,"data":{"duration_ms":0,"created":1557543595269},"id":"ui.latency"}}
{"recorder_version":"11","session":"e94b92a597d7","build":"191.6605.12","bucket":"98","time":1557543695373,"group":{"id":"performance","version":"11"},"event":{"count":1,"data":{"duration_ms":0,"created":1557543695373},"id":"ui.latency"}}
{"recorder_version":"11","session":"e94b92a597d7","build":"191.6605.12","bucket":"98","time":1557543795477,"group":{"id":"performance","version":"11"},"event":{"count":1,"data":{"duration_ms":0,"created":1557543795477},"id":"ui.latency"}}
{"recorder_version":"11","session":"e94b92a597d7","build":"191.6605.12","bucket":"98","time":1557543895588,"group":{"id":"performance","version":"11"},"event":{"count":1,"data":{"duration_ms":0,"created":1557543895588},"id":"ui.latency"}}
{"recorder_version":"11","session":"e94b92a597d7","build":"191.6605.12","bucket":"98","time":1557543995692,"group":{"id":"performance","version":"11"},"event":{"count":1,"data":{"duration_ms":0,"created":1557543995692},"id":"ui.latency"}}
{"recorder_version":"11","session":"e94b92a597d7","build":"191.6605.12","bucket":"98","time":1557544095792,"group":{"id":"performance","version":"11"},"event":{"count":1,"data":{"duration_ms":0,"created":1557544095792},"id":"ui.latency"}}
{"recorder_version":"11","session":"e94b92a597d7","build":"191.6605.12","bucket":"98","time":1557544195883,"group":{"id":"performance","version":"11"},"event":{"count":1,"data":{"duration_ms":0,"created":1557544195883},"id":"ui.latency"}}
{"recorder_version":"11","session":"e94b92a597d7","build":"191.6605.12","bucket":"98","time":1557544295991,"group":{"id":"performance","version":"11"},"event":{"count":1,"data":{"duration_ms":0,"created":1557544295991},"id":"ui.latency"}}
{"recorder_version":"11","session":"e94b92a597d7","build":"191.6605.12","bucket":"98","time":1557544396089,"group":{"id":"performance","version":"11"},"event":{"count":1,"data":{"duration_ms":0,"created":1557544396089},"id":"ui.latency"}}
{"recorder_version":"11","session":"e94b92a597d7","build":"191.6605.12","bucket":"98","time":1557544496189,"group":{"id":"performance","version":"11"},"event":{"count":1,"data":{"duration_ms":0,"created":1557544496189},"id":"ui.latency"}}
{"recorder_version":"11","session":"e94b92a597d7","build":"191.6605.12","bucket":"98","time":1557544596290,"group":{"id":"performance","version":"11"},"event":{"count":1,"data":{"duration_ms":0,"created":1557544596290},"id":"ui.latency"}}
{"recorder_version":"11","session":"e94b92a597d7","build":"191.6605.12","bucket":"98","time":1557544696382,"group":{"id":"performance","version":"11"},"event":{"count":1,"data":{"duration_ms":0,"created":1557544696382},"id":"ui.latency"}}
{"recorder_version":"11","session":"e94b92a597d7","build":"191.6605.12","bucket":"98","time":1557544796482,"group":{"id":"performance","version":"11"},"event":{"count":1,"data":{"duration_ms":0,"created":1557544796482},"id":"ui.latency"}}
{"recorder_version":"11","session":"e94b92a597d7","build":"191.6605.12","bucket":"98","time":1557544896591,"group":{"id":"performance","version":"11"},"event":{"count":1,"data":{"duration_ms":0,"created":1557544896591},"id":"ui.latency"}}
{"recorder_version":"11","session":"e94b92a597d7","build":"191.6605.12","bucket":"98","time":1557544996691,"group":{"id":"performance","version":"11"},"event":{"count":1,"data":{"duration_ms":0,"created":1557544996692},"id":"ui.latency"}}
{"recorder_version":"11","session":"e94b92a597d7","build":"191.6605.12","bucket":"98","time":1557545045541,"group":{"id":"actions","version":"11"},"event":{"count":1,"data":{"context_menu":false,"os":"Windows","created":1557545045541,"plugin_type":"PLATFORM","project":"00e1741fbef89c51f66534f9c4d041d2dd0e21848243f4d0fcccafe44e1b4b46","place":"MainMenu","input_event":"F5"},"id":"CopyElement"}}
{"recorder_version":"11","session":"e94b92a597d7","build":"191.6605.12","bucket":"98","time":1557545045546,"group":{"id":"ui.dialogs","version":"11"},"event":{"count":1,"data":{"created":1557545045546,"plugin_type":"PLATFORM","type":"show"},"id":"com.intellij.refactoring.copy.CopyFilesOrDirectoriesDialog"}}
{"recorder_version":"11","session":"e94b92a597d7","build":"191.6605.12","bucket":"98","time":1557545047149,"group":{"id":"ui.dialogs","version":"11"},"event":{"count":1,"data":{"code":0,"created":1557545047149,"plugin_type":"PLATFORM","type":"close"},"id":"com.intellij.refactoring.copy.CopyFilesOrDirectoriesDialog"}}
{"recorder_version":"11","session":"e94b92a597d7","build":"191.6605.12","bucket":"98","time":1557545047172,"group":{"id":"ui.dialogs","version":"11"},"event":{"count":1,"data":{"created":1557545047172,"plugin_type":"PLATFORM","type":"show"},"id":"com.intellij.openapi.ui.messages.MessageDialog"}}
{"recorder_version":"11","session":"e94b92a597d7","build":"191.6605.12","bucket":"98","time":1557545052580,"group":{"id":"actions","version":"11"},"event":{"count":1,"data":{"context_menu":false,"os":"Windows","created":1557545052580,"plugin_type":"PLATFORM","project":"00e1741fbef89c51f66534f9c4d041d2dd0e21848243f4d0fcccafe44e1b4b46","place":"NavBarToolbar","input_event":"MouseLeft"},"id":"com.intellij.execution.ExecutorRegistryImpl$ExecutorAction"}}
{"recorder_version":"11","session":"e94b92a597d7","build":"191.6605.12","bucket":"98","time":1557545052604,"group":{"id":"toolbar","version":"11"},"event":{"count":1,"data":{"os":"Windows","created":1557545052604,"plugin_type":"PLATFORM","place":"NavBarToolbar"},"id":"com.intellij.execution.ExecutorRegistryImpl$ExecutorAction"}}
{"recorder_version":"11","session":"e94b92a597d7","build":"191.6605.12","bucket":"98","time":1557545052663,"group":{"id":"run.configuration.exec","version":"11"},"event":{"count":1,"data":{"executor":"Run","created":1557545052663,"plugin_type":"PLATFORM","project":"00e1741fbef89c51f66534f9c4d041d2dd0e21848243f4d0fcccafe44e1b4b46"},"id":"PythonConfigurationType"}}
{"recorder_version":"11","session":"e94b92a597d7","build":"191.6605.12","bucket":"98","time":1557545053046,"group":{"id":"performance","version":"11"},"event":{"count":1,"data":{"duration_ms":301,"created":1557545053046},"id":"ui.lagging"}}
{"recorder_version":"11","session":"e94b92a597d7","build":"191.6605.12","bucket":"98","time":1557545053050,"group":{"id":"toolwindow","version":"11"},"event":{"count":1,"data":{"os":"Windows","created":1557545053050,"plugin_type":"PLATFORM"},"id":"Run"}}
{"recorder_version":"11","session":"e94b92a597d7","build":"191.6605.12","bucket":"98","time":1557545066159,"group":{"id":"actions","version":"11"},"event":{"count":1,"data":{"context_menu":false,"os":"Windows","created":1557545066159,"plugin_type":"PLATFORM","project":"00e1741fbef89c51f66534f9c4d041d2dd0e21848243f4d0fcccafe44e1b4b46","place":"NavBarToolbar","input_event":"MouseLeft"},"id":"com.intellij.execution.ExecutorRegistryImpl$ExecutorAction"}}
{"recorder_version":"11","session":"e94b92a597d7","build":"191.6605.12","bucket":"98","time":1557545066162,"group":{"id":"toolbar","version":"11"},"event":{"count":1,"data":{"os":"Windows","created":1557545066162,"plugin_type":"PLATFORM","place":"NavBarToolbar"},"id":"com.intellij.execution.ExecutorRegistryImpl$ExecutorAction"}}
{"recorder_version":"11","session":"e94b92a597d7","build":"191.6605.12","bucket":"98","time":1557545066213,"group":{"id":"run.configuration.exec","version":"11"},"event":{"count":1,"data":{"executor":"Run","created":1557545066213,"plugin_type":"PLATFORM","project":"00e1741fbef89c51f66534f9c4d041d2dd0e21848243f4d0fcccafe44e1b4b46"},"id":"PythonConfigurationType"}}
{"recorder_version":"11","session":"e94b92a597d7","build":"191.6605.12","bucket":"98","time":1557545066465,"group":{"id":"toolwindow","version":"11"},"event":{"count":1,"data":{"os":"Windows","created":1557545066465,"plugin_type":"PLATFORM"},"id":"Run"}}
{"recorder_version":"11","session":"e94b92a597d7","build":"191.6605.12","bucket":"98","time":1557545092899,"group":{"id":"actions","version":"11"},"event":{"count":1,"data":{"context_menu":false,"os":"Windows","created":1557545092899,"plugin_type":"PLATFORM","project":"00e1741fbef89c51f66534f9c4d041d2dd0e21848243f4d0fcccafe44e1b4b46","place":"MainMenu","input_event":"Ctrl+C"},"id":"com.intellij.openapi.actionSystem.EmptyAction$MyDelegatingAction"}}
{"recorder_version":"11","session":"e94b92a597d7","build":"191.6605.12","bucket":"98","time":1557545096786,"group":{"id":"performance","version":"11"},"event":{"count":1,"data":{"duration_ms":0,"created":1557545096786},"id":"ui.latency"}}
{"recorder_version":"11","session":"e94b92a597d7","build":"191.6605.12","bucket":"98","time":1557545099431,"group":{"id":"ui.dialogs","version":"11"},"event":{"count":1,"data":{"created":1557545099431,"plugin_type":"PLATFORM","type":"show"},"id":"com.intellij.openapi.ui.messages.MessageDialog"}}
{"recorder_version":"11","session":"e94b92a597d7","build":"191.6605.12","bucket":"98","time":1557545101033,"group":{"id":"lifecycle","version":"11"},"event":{"count":1,"data":{"restart":false,"created":1557545101033},"id":"ide.close"}}
{"recorder_version":"11","session":"e94b92a597d7","build":"191.6605.12","bucket":"98","time":1557545101051,"group":{"id":"lifecycle","version":"11"},"event":{"count":1,"data":{"created":1557545101051,"project":"00e1741fbef89c51f66534f9c4d041d2dd0e21848243f4d0fcccafe44e1b4b46"},"id":"project.closed"}}
